<?xml version="1.0" encoding="UTF-8"?>
<robot generator="Robot 3.2.1 (Python 3.8.3 on win32)" generated="20200813 16:48:56.542" rpa="false">
<suite id="s1" name="Testcase" source="F:\RobotFramework Assignment\Assignment-1_Flipkart\TestCase\testcase.robot">
<test id="s1-t1" name="Test_1:Test to add a product to cart">
<kw name="Launch Browser" library="Keywords">
<kw name="Open Browser" library="SeleniumLibrary">
<doc>Opens a new browser instance to the optional ``url``.</doc>
<arguments>
<arg>${url}</arg>
<arg>${browser}</arg>
</arguments>
<msg timestamp="20200813 16:48:56.860" level="INFO">Opening browser 'chrome' to base url 'https://www.flipkart.com/'.</msg>
<status status="PASS" starttime="20200813 16:48:56.859" endtime="20200813 16:49:03.090"></status>
</kw>
<kw name="Maximize Browser Window" library="SeleniumLibrary">
<doc>Maximizes current browser window.</doc>
<status status="PASS" starttime="20200813 16:49:03.091" endtime="20200813 16:49:05.296"></status>
</kw>
<status status="PASS" starttime="20200813 16:48:56.859" endtime="20200813 16:49:05.297"></status>
</kw>
<kw name="Login popup cancellation" library="Keywords">
<kw name="Wait Until Page Contains" library="SeleniumLibrary">
<doc>Waits until ``text`` appears on the current page.</doc>
<arguments>
<arg>Login</arg>
</arguments>
<status status="PASS" starttime="20200813 16:49:05.357" endtime="20200813 16:49:05.431"></status>
</kw>
<kw name="Sleep" library="BuiltIn">
<doc>Pauses the test executed for the given time.</doc>
<arguments>
<arg>2</arg>
</arguments>
<msg timestamp="20200813 16:49:07.434" level="INFO">Slept 2 seconds</msg>
<status status="PASS" starttime="20200813 16:49:05.431" endtime="20200813 16:49:07.434"></status>
</kw>
<kw name="Click Element" library="SeleniumLibrary">
<doc>Click the element identified by ``locator``.</doc>
<arguments>
<arg>${Login popup cancellation}</arg>
</arguments>
<msg timestamp="20200813 16:49:07.434" level="INFO">Clicking element 'xpath://button[@class='_2AkmmA _29YdH8']'.</msg>
<status status="PASS" starttime="20200813 16:49:07.434" endtime="20200813 16:49:07.529"></status>
</kw>
<status status="PASS" starttime="20200813 16:49:05.356" endtime="20200813 16:49:07.529"></status>
</kw>
<kw name="Electronics Selection" library="Keywords">
<kw name="Click Element" library="SeleniumLibrary">
<doc>Click the element identified by ``locator``.</doc>
<arguments>
<arg>${Electronics}</arg>
</arguments>
<msg timestamp="20200813 16:49:07.531" level="INFO">Clicking element 'xpath://span[contains(text(),'Electronics')]'.</msg>
<status status="PASS" starttime="20200813 16:49:07.530" endtime="20200813 16:49:07.607"></status>
</kw>
<kw name="Sleep" library="BuiltIn">
<doc>Pauses the test executed for the given time.</doc>
<arguments>
<arg>3</arg>
</arguments>
<msg timestamp="20200813 16:49:10.608" level="INFO">Slept 3 seconds</msg>
<status status="PASS" starttime="20200813 16:49:07.607" endtime="20200813 16:49:10.608"></status>
</kw>
<status status="PASS" starttime="20200813 16:49:07.530" endtime="20200813 16:49:10.609"></status>
</kw>
<kw name="Brand Selection_Honor" library="Keywords">
<kw name="Click Link" library="SeleniumLibrary">
<doc>Clicks a link identified by ``locator``.</doc>
<arguments>
<arg>${honor}</arg>
</arguments>
<msg timestamp="20200813 16:49:10.613" level="INFO">Clicking link 'xpath://li[@class='_1KCOnI _3ZgIXy']/a[@href='/search?p[]=facets.brand%255B%255D%3DHonor&amp;sid=tyy%2F4io&amp;otracker=CLP_filters&amp;otracker=nmenu_sub_Electronics_0_Honor']'.</msg>
<status status="PASS" starttime="20200813 16:49:10.612" endtime="20200813 16:49:10.771"></status>
</kw>
<status status="PASS" starttime="20200813 16:49:10.610" endtime="20200813 16:49:10.771"></status>
</kw>
<kw name="Scroll until Honor 9x Pro (Midnight Black, 256 GB) (6 GB RAM)" library="Keywords">
<kw name="Wait Until Page Contains" library="SeleniumLibrary">
<doc>Waits until ``text`` appears on the current page.</doc>
<arguments>
<arg>All Categories - Buy Products Online at Best Price in India - All Categories | Flipkart.com</arg>
</arguments>
<status status="PASS" starttime="20200813 16:49:10.772" endtime="20200813 16:49:11.724"></status>
</kw>
<kw name="Scroll Element Into View" library="SeleniumLibrary">
<doc>Scrolls the element identified by ``locator`` into view.</doc>
<arguments>
<arg>${scroll_Until}</arg>
</arguments>
<status status="PASS" starttime="20200813 16:49:11.724" endtime="20200813 16:49:12.066"></status>
</kw>
<kw name="Sleep" library="BuiltIn">
<doc>Pauses the test executed for the given time.</doc>
<arguments>
<arg>2</arg>
</arguments>
<msg timestamp="20200813 16:49:14.068" level="INFO">Slept 2 seconds</msg>
<status status="PASS" starttime="20200813 16:49:12.067" endtime="20200813 16:49:14.068"></status>
</kw>
<kw name="Click Element" library="SeleniumLibrary">
<doc>Click the element identified by ``locator``.</doc>
<arguments>
<arg>${scroll_Until}</arg>
</arguments>
<msg timestamp="20200813 16:49:14.070" level="INFO">Clicking element 'xpath://div[@data-id='MOBFPTF5X576JV3B']'.</msg>
<status status="PASS" starttime="20200813 16:49:14.069" endtime="20200813 16:49:14.284"></status>
</kw>
<status status="PASS" starttime="20200813 16:49:10.772" endtime="20200813 16:49:14.284"></status>
</kw>
<kw name="Switch to product tab" library="Keywords">
<kw name="Select Window" library="SeleniumLibrary">
<doc>DEPRECATED in SeleniumLibrary 4.0. , use `Switch Window` instead.</doc>
<arguments>
<arg>title=Honor 9x Pro ( 256 GB Storage, 6 GB RAM ) Online at Best Price On Flipkart.com</arg>
</arguments>
<status status="PASS" starttime="20200813 16:49:14.287" endtime="20200813 16:49:16.666"></status>
</kw>
<status status="PASS" starttime="20200813 16:49:14.287" endtime="20200813 16:49:16.667"></status>
</kw>
<kw name="Add to cart" library="Keywords">
<kw name="Click Button" library="SeleniumLibrary">
<doc>Clicks the button identified by ``locator``.</doc>
<arguments>
<arg>${add_to_cart}</arg>
</arguments>
<msg timestamp="20200813 16:49:16.668" level="INFO">Clicking button 'xpath://button[@class='_2AkmmA _2Npkh4 _2MWPVK']'.</msg>
<status status="PASS" starttime="20200813 16:49:16.668" endtime="20200813 16:49:16.800"></status>
</kw>
<kw name="Sleep" library="BuiltIn">
<doc>Pauses the test executed for the given time.</doc>
<arguments>
<arg>4</arg>
</arguments>
<msg timestamp="20200813 16:49:20.802" level="INFO">Slept 4 seconds</msg>
<status status="PASS" starttime="20200813 16:49:16.800" endtime="20200813 16:49:20.802"></status>
</kw>
<status status="PASS" starttime="20200813 16:49:16.667" endtime="20200813 16:49:20.803"></status>
</kw>
<status status="PASS" starttime="20200813 16:48:56.858" endtime="20200813 16:49:20.805" critical="yes"></status>
</test>
<test id="s1-t2" name="Test_2:Test to verify item added in cart is displayed in My Cart screen">
<kw name="Switch to home page" library="Keywords">
<kw name="Select Window" library="SeleniumLibrary">
<doc>DEPRECATED in SeleniumLibrary 4.0. , use `Switch Window` instead.</doc>
<arguments>
<arg>title=All Categories - Buy Products Online at Best Price in India - All Categories | Flipkart.com</arg>
</arguments>
<status status="PASS" starttime="20200813 16:49:20.809" endtime="20200813 16:49:20.954"></status>
</kw>
<kw name="Go To" library="SeleniumLibrary">
<doc>Navigates the current browser window to the provided ``url``.</doc>
<arguments>
<arg>${url}</arg>
</arguments>
<msg timestamp="20200813 16:49:20.955" level="INFO">Opening url 'https://www.flipkart.com/'</msg>
<status status="PASS" starttime="20200813 16:49:20.954" endtime="20200813 16:49:22.323"></status>
</kw>
<status status="PASS" starttime="20200813 16:49:20.809" endtime="20200813 16:49:22.324"></status>
</kw>
<kw name="Click on Mycart Icon" library="Keywords">
<kw name="Click Link" library="SeleniumLibrary">
<doc>Clicks a link identified by ``locator``.</doc>
<arguments>
<arg>${My_Cart_Icon}</arg>
</arguments>
<msg timestamp="20200813 16:49:22.326" level="INFO">Clicking link 'xpath://a[@href='/viewcart?otracker=Cart_Icon_Click']'.</msg>
<status status="PASS" starttime="20200813 16:49:22.325" endtime="20200813 16:49:22.514"></status>
</kw>
<kw name="Sleep" library="BuiltIn">
<doc>Pauses the test executed for the given time.</doc>
<arguments>
<arg>3</arg>
</arguments>
<msg timestamp="20200813 16:49:25.515" level="INFO">Slept 3 seconds</msg>
<status status="PASS" starttime="20200813 16:49:22.514" endtime="20200813 16:49:25.515"></status>
</kw>
<status status="PASS" starttime="20200813 16:49:22.325" endtime="20200813 16:49:25.516"></status>
</kw>
<kw name="Cart page validation" library="Keywords">
<kw name="Get Text" library="SeleniumLibrary">
<doc>Returns the text value of the element identified by ``locator``.</doc>
<arguments>
<arg>${actual_Prod_Title_Location}</arg>
</arguments>
<assign>
<var>${Actual_Title}</var>
</assign>
<msg timestamp="20200813 16:49:25.577" level="INFO">${Actual_Title} = Honor 9x Pro (Midnight Black, 256 GB)</msg>
<status status="PASS" starttime="20200813 16:49:25.518" endtime="20200813 16:49:25.577"></status>
</kw>
<kw name="Run Keyword If" library="BuiltIn">
<doc>Runs the given keyword with the given arguments, if ``condition`` is true.</doc>
<arguments>
<arg>'${Actual_Title}'=='${expected_Prod_Title}'</arg>
<arg>Log to console</arg>
<arg>Cart contains the added item</arg>
<arg>ELSE</arg>
<arg>Log to console</arg>
<arg>Cart do not have the added item</arg>
</arguments>
<kw name="Log To Console" library="BuiltIn">
<doc>Logs the given message to the console.</doc>
<arguments>
<arg>Cart contains the added item</arg>
</arguments>
<status status="PASS" starttime="20200813 16:49:25.578" endtime="20200813 16:49:25.578"></status>
</kw>
<status status="PASS" starttime="20200813 16:49:25.577" endtime="20200813 16:49:25.579"></status>
</kw>
<status status="PASS" starttime="20200813 16:49:25.517" endtime="20200813 16:49:25.579"></status>
</kw>
<kw name="Quit" library="Keywords">
<kw name="Close Browser" library="SeleniumLibrary">
<doc>Closes the current browser.</doc>
<status status="PASS" starttime="20200813 16:49:25.580" endtime="20200813 16:49:27.823"></status>
</kw>
<status status="PASS" starttime="20200813 16:49:25.579" endtime="20200813 16:49:27.824"></status>
</kw>
<status status="PASS" starttime="20200813 16:49:20.807" endtime="20200813 16:49:27.824" critical="yes"></status>
</test>
<status status="PASS" starttime="20200813 16:48:56.545" endtime="20200813 16:49:27.826"></status>
</suite>
<statistics>
<total>
<stat pass="2" fail="0">Critical Tests</stat>
<stat pass="2" fail="0">All Tests</stat>
</total>
<tag>
</tag>
<suite>
<stat pass="2" fail="0" id="s1" name="Testcase">Testcase</stat>
</suite>
</statistics>
<errors>
</errors>
</robot>
